SF:C:\Users\marco\source\repos\Signature\Signature.API.Application\Services\SubscriptionPlanService.cs
FN:11,System.Void Signature.API.Application.Services.SubscriptionPlanService::.ctor(Signature.API.Domain.Interfaces.ISubscriptionPlanRepository)
FNDA:12,System.Void Signature.API.Application.Services.SubscriptionPlanService::.ctor(Signature.API.Domain.Interfaces.ISubscriptionPlanRepository)
DA:12,12
DA:13,12
DA:14,12
DA:15,12
FN:27,Signature.API.Application.DTOs.SubscriptionPlanDto Signature.API.Application.Services.SubscriptionPlanService/<>c::<GetAllAsync>b__3_0(Signature.API.Domain.Entities.SubscriptionPlan)
FNDA:14,Signature.API.Application.DTOs.SubscriptionPlanDto Signature.API.Application.Services.SubscriptionPlanService/<>c::<GetAllAsync>b__3_0(Signature.API.Domain.Entities.SubscriptionPlan)
DA:28,14
FN:17,System.Void Signature.API.Application.Services.SubscriptionPlanService/<CreateAsync>d__2::MoveNext()
FNDA:7,System.Void Signature.API.Application.Services.SubscriptionPlanService/<CreateAsync>d__2::MoveNext()
DA:18,7
DA:19,7
DA:20,7
DA:22,7
DA:23,7
FN:25,System.Void Signature.API.Application.Services.SubscriptionPlanService/<GetAllAsync>d__3::MoveNext()
FNDA:3,System.Void Signature.API.Application.Services.SubscriptionPlanService/<GetAllAsync>d__3::MoveNext()
DA:26,3
DA:27,3
DA:29,3
FN:31,System.Void Signature.API.Application.Services.SubscriptionPlanService/<GetByIdAsync>d__4::MoveNext()
FNDA:2,System.Void Signature.API.Application.Services.SubscriptionPlanService/<GetByIdAsync>d__4::MoveNext()
DA:32,2
DA:33,2
DA:34,2
DA:35,2
BRDA:34,157,0,1
BRDA:34,157,1,1
LF:17
LH:17
BRF:2
BRH:2
FNF:5
FNH:5
end_of_record
SF:C:\Users\marco\source\repos\Signature\Signature.API.Application\Services\SubscriptionService.cs
FN:14,System.Void Signature.API.Application.Services.SubscriptionService::.ctor(Signature.API.Domain.Interfaces.IUserSubscriptionRepository,MassTransit.IPublishEndpoint)
FNDA:0,System.Void Signature.API.Application.Services.SubscriptionService::.ctor(Signature.API.Domain.Interfaces.IUserSubscriptionRepository,MassTransit.IPublishEndpoint)
DA:15,0
DA:16,0
DA:17,0
DA:18,0
DA:19,0
DA:20,0
DA:21,0
FN:39,Signature.API.Application.DTOs.UserSubscriptionDto Signature.API.Application.Services.SubscriptionService/<>c::<GetByUserAsync>b__4_0(Signature.API.Domain.Entities.UserSubscription)
FNDA:0,Signature.API.Application.DTOs.UserSubscriptionDto Signature.API.Application.Services.SubscriptionService/<>c::<GetByUserAsync>b__4_0(Signature.API.Domain.Entities.UserSubscription)
DA:40,0
DA:41,0
DA:42,0
DA:43,0
FN:36,System.Void Signature.API.Application.Services.SubscriptionService/<GetByUserAsync>d__4::MoveNext()
FNDA:0,System.Void Signature.API.Application.Services.SubscriptionService/<GetByUserAsync>d__4::MoveNext()
DA:37,0
DA:38,0
DA:39,0
DA:44,0
FN:23,System.Void Signature.API.Application.Services.SubscriptionService/<SubscribeAsync>d__3::MoveNext()
FNDA:0,System.Void Signature.API.Application.Services.SubscriptionService/<SubscribeAsync>d__3::MoveNext()
DA:24,0
DA:25,0
DA:26,0
DA:28,0
DA:29,0
DA:30,0
DA:31,0
DA:33,0
DA:34,0
LF:24
LH:0
BRF:0
BRH:0
FNF:4
FNH:0
end_of_record
SF:C:\Users\marco\source\repos\Signature\Signature.API.Application\Services\UserService.cs
FN:12,System.Void Signature.API.Application.Services.UserService::.ctor(Signature.API.Domain.Interfaces.IUserRepository)
FNDA:3,System.Void Signature.API.Application.Services.UserService::.ctor(Signature.API.Domain.Interfaces.IUserRepository)
DA:13,3
DA:14,3
DA:15,3
DA:16,3
FN:18,System.Void Signature.API.Application.Services.UserService/<CreateAsync>d__2::MoveNext()
FNDA:2,System.Void Signature.API.Application.Services.UserService/<CreateAsync>d__2::MoveNext()
DA:19,2
DA:20,2
DA:21,0
DA:22,0
DA:25,2
DA:26,2
DA:28,2
DA:29,2
BRDA:20,160,0,0
BRDA:20,160,1,2
FN:31,System.Void Signature.API.Application.Services.UserService/<GetByIdAsync>d__3::MoveNext()
FNDA:1,System.Void Signature.API.Application.Services.UserService/<GetByIdAsync>d__3::MoveNext()
DA:32,1
DA:33,1
DA:34,1
DA:35,1
BRDA:34,157,0,1
BRDA:34,157,1,0
LF:16
LH:14
BRF:4
BRH:2
FNF:3
FNH:3
end_of_record
SF:C:\Users\marco\source\repos\Signature\Signature.API.Application\DTOs\CreateSubscriptionPlanDto.cs
FN:2,System.String Signature.API.Application.DTOs.CreateSubscriptionPlanDto::get_Title()
FNDA:51,System.String Signature.API.Application.DTOs.CreateSubscriptionPlanDto::get_Title()
DA:3,51
LF:1
LH:1
BRF:0
BRH:0
FNF:1
FNH:1
end_of_record
SF:C:\Users\marco\source\repos\Signature\Signature.API.Application\DTOs\CreateUserDto.cs
FN:2,System.String Signature.API.Application.DTOs.CreateUserDto::get_Name()
FNDA:18,System.String Signature.API.Application.DTOs.CreateUserDto::get_Name()
DA:3,18
LF:1
LH:1
BRF:0
BRH:0
FNF:1
FNH:1
end_of_record
SF:C:\Users\marco\source\repos\Signature\Signature.API.Application\DTOs\SubscriptionPlanDto.cs
FN:2,System.Guid Signature.API.Application.DTOs.SubscriptionPlanDto::get_Id()
FNDA:109,System.Guid Signature.API.Application.DTOs.SubscriptionPlanDto::get_Id()
DA:3,109
LF:1
LH:1
BRF:0
BRH:0
FNF:1
FNH:1
end_of_record
SF:C:\Users\marco\source\repos\Signature\Signature.API.Application\DTOs\UserDto.cs
FN:2,System.Guid Signature.API.Application.DTOs.UserDto::get_Id()
FNDA:27,System.Guid Signature.API.Application.DTOs.UserDto::get_Id()
DA:3,27
LF:1
LH:1
BRF:0
BRH:0
FNF:1
FNH:1
end_of_record
SF:C:\Users\marco\source\repos\Signature\Signature.API.Application\DTOs\UserSubscriptionDto.cs
FN:2,System.Guid Signature.API.Application.DTOs.UserSubscriptionDto::get_UserId()
FNDA:0,System.Guid Signature.API.Application.DTOs.UserSubscriptionDto::get_UserId()
DA:3,0
LF:1
LH:0
BRF:0
BRH:0
FNF:1
FNH:0
end_of_record
SF:C:\Users\marco\source\repos\Signature\Signature.API\Program.cs
FN:8,System.Void Program::Main(System.String[])
FNDA:3,System.Void Program::Main(System.String[])
DA:9,3
DA:10,3
DA:12,3
DA:13,3
DA:14,3
DA:15,16
DA:16,3
DA:18,0
DA:19,0
DA:20,0
DA:21,0
DA:22,0
DA:24,3
DA:25,3
DA:26,3
DA:27,3
DA:29,3
DA:31,3
DA:32,0
DA:33,0
DA:34,0
DA:35,0
DA:36,0
DA:38,3
DA:39,3
DA:40,3
DA:41,3
DA:42,3
DA:44,3
DA:45,3
DA:46,3
DA:47,2
BRDA:12,42,0,3
BRDA:12,42,1,0
BRDA:31,236,0,0
BRDA:31,236,1,3
LF:32
LH:22
BRF:4
BRH:2
FNF:1
FNH:1
end_of_record
SF:C:\Users\marco\source\repos\Signature\Signature.API\Controllers\SubscriptionPlansController.cs
FN:12,System.Void Signature.API.Controllers.SubscriptionPlansController::.ctor(Signature.API.Application.Interfaces.ISubscriptionPlanService)
FNDA:8,System.Void Signature.API.Controllers.SubscriptionPlansController::.ctor(Signature.API.Application.Interfaces.ISubscriptionPlanService)
DA:13,8
DA:14,8
DA:15,8
DA:16,8
FN:19,System.Void Signature.API.Controllers.SubscriptionPlansController/<Create>d__2::MoveNext()
FNDA:6,System.Void Signature.API.Controllers.SubscriptionPlansController/<Create>d__2::MoveNext()
DA:20,6
DA:21,6
DA:22,6
DA:23,6
FN:33,System.Void Signature.API.Controllers.SubscriptionPlansController/<Get>d__4::MoveNext()
FNDA:0,System.Void Signature.API.Controllers.SubscriptionPlansController/<Get>d__4::MoveNext()
DA:34,0
DA:35,0
DA:36,0
DA:37,0
DA:38,0
BRDA:36,164,0,0
BRDA:36,164,1,0
FN:26,System.Void Signature.API.Controllers.SubscriptionPlansController/<GetAll>d__3::MoveNext()
FNDA:2,System.Void Signature.API.Controllers.SubscriptionPlansController/<GetAll>d__3::MoveNext()
DA:27,2
DA:28,2
DA:29,2
DA:30,2
LF:17
LH:12
BRF:2
BRH:0
FNF:4
FNH:3
end_of_record
SF:C:\Users\marco\source\repos\Signature\Signature.API\Controllers\SubscriptionsController.cs
FN:11,System.Void Signature.API.Controllers.SubscriptionsController::.ctor(Signature.API.Application.Interfaces.ISubscriptionService)
FNDA:0,System.Void Signature.API.Controllers.SubscriptionsController::.ctor(Signature.API.Application.Interfaces.ISubscriptionService)
DA:12,0
DA:13,0
DA:14,0
DA:15,0
FN:18,System.Void Signature.API.Controllers.SubscriptionsController/<Subscribe>d__2::MoveNext()
FNDA:0,System.Void Signature.API.Controllers.SubscriptionsController/<Subscribe>d__2::MoveNext()
DA:19,0
DA:20,0
DA:21,0
DA:22,0
LF:8
LH:0
BRF:0
BRH:0
FNF:2
FNH:0
end_of_record
SF:C:\Users\marco\source\repos\Signature\Signature.API\Controllers\UsersController.cs
FN:12,System.Void Signature.API.Controllers.UsersController::.ctor(Signature.API.Application.Interfaces.IUserService)
FNDA:3,System.Void Signature.API.Controllers.UsersController::.ctor(Signature.API.Application.Interfaces.IUserService)
DA:13,3
DA:14,3
DA:15,3
DA:16,3
FN:19,System.Void Signature.API.Controllers.UsersController/<Create>d__2::MoveNext()
FNDA:2,System.Void Signature.API.Controllers.UsersController/<Create>d__2::MoveNext()
DA:20,2
DA:21,2
DA:22,2
DA:23,2
FN:26,System.Void Signature.API.Controllers.UsersController/<Get>d__3::MoveNext()
FNDA:1,System.Void Signature.API.Controllers.UsersController/<Get>d__3::MoveNext()
DA:27,1
DA:28,1
DA:29,1
DA:30,1
DA:31,1
BRDA:29,164,0,0
BRDA:29,164,1,1
LF:13
LH:13
BRF:2
BRH:1
FNF:3
FNH:3
end_of_record
SF:C:\Users\marco\source\repos\Signature\Signature.API.Domain\Events\UserSubscribed.cs
FN:2,System.Guid Signature.API.Domain.Events.UserSubscribed::get_UserId()
FNDA:0,System.Guid Signature.API.Domain.Events.UserSubscribed::get_UserId()
DA:3,0
LF:1
LH:0
BRF:0
BRH:0
FNF:1
FNH:0
end_of_record
SF:C:\Users\marco\source\repos\Signature\Signature.API.Domain\Entities\SubscriptionPlan.cs
FN:6,System.String Signature.API.Domain.Entities.SubscriptionPlan::get_Title()
FNDA:31,System.String Signature.API.Domain.Entities.SubscriptionPlan::get_Title()
DA:7,31
FN:7,System.Decimal Signature.API.Domain.Entities.SubscriptionPlan::get_Price()
FNDA:31,System.Decimal Signature.API.Domain.Entities.SubscriptionPlan::get_Price()
DA:8,31
FN:9,System.Void Signature.API.Domain.Entities.SubscriptionPlan::.ctor()
FNDA:27,System.Void Signature.API.Domain.Entities.SubscriptionPlan::.ctor()
DA:10,27
FN:11,System.Void Signature.API.Domain.Entities.SubscriptionPlan::.ctor(System.String,System.Decimal)
FNDA:12,System.Void Signature.API.Domain.Entities.SubscriptionPlan::.ctor(System.String,System.Decimal)
DA:12,12
DA:13,12
DA:14,12
DA:15,12
DA:16,12
LF:8
LH:8
BRF:0
BRH:0
FNF:4
FNH:4
end_of_record
SF:C:\Users\marco\source\repos\Signature\Signature.API.Domain\Entities\User.cs
FN:6,System.String Signature.API.Domain.Entities.User::get_Name()
FNDA:5,System.String Signature.API.Domain.Entities.User::get_Name()
DA:7,5
FN:7,System.String Signature.API.Domain.Entities.User::get_Email()
FNDA:5,System.String Signature.API.Domain.Entities.User::get_Email()
DA:8,5
FN:9,System.Void Signature.API.Domain.Entities.User::.ctor()
FNDA:3,System.Void Signature.API.Domain.Entities.User::.ctor()
DA:10,3
FN:11,System.Void Signature.API.Domain.Entities.User::.ctor(System.String,System.String)
FNDA:2,System.Void Signature.API.Domain.Entities.User::.ctor(System.String,System.String)
DA:12,2
DA:13,2
DA:14,2
DA:15,2
DA:16,2
LF:8
LH:8
BRF:0
BRH:0
FNF:4
FNH:4
end_of_record
SF:C:\Users\marco\source\repos\Signature\Signature.API.Domain\Entities\UserSubscription.cs
FN:6,System.Guid Signature.API.Domain.Entities.UserSubscription::get_UserId()
FNDA:0,System.Guid Signature.API.Domain.Entities.UserSubscription::get_UserId()
DA:7,0
FN:7,System.Guid Signature.API.Domain.Entities.UserSubscription::get_SubscriptionPlanId()
FNDA:0,System.Guid Signature.API.Domain.Entities.UserSubscription::get_SubscriptionPlanId()
DA:8,0
FN:8,System.DateTime Signature.API.Domain.Entities.UserSubscription::get_SubscribedAt()
FNDA:0,System.DateTime Signature.API.Domain.Entities.UserSubscription::get_SubscribedAt()
DA:9,0
FN:10,System.Void Signature.API.Domain.Entities.UserSubscription::.ctor()
FNDA:0,System.Void Signature.API.Domain.Entities.UserSubscription::.ctor()
DA:11,0
FN:12,System.Void Signature.API.Domain.Entities.UserSubscription::.ctor(System.Guid,System.Guid)
FNDA:0,System.Void Signature.API.Domain.Entities.UserSubscription::.ctor(System.Guid,System.Guid)
DA:13,0
DA:14,0
DA:15,0
DA:16,0
DA:17,0
DA:18,0
LF:10
LH:0
BRF:0
BRH:0
FNF:5
FNH:0
end_of_record
SF:C:\Users\marco\source\repos\Signature\Signature.API.Domain\Common\BaseEntity.cs
FN:4,System.Guid Signature.API.Domain.Common.BaseEntity::get_Id()
FNDA:48,System.Guid Signature.API.Domain.Common.BaseEntity::get_Id()
DA:5,48
LF:1
LH:1
BRF:0
BRH:0
FNF:1
FNH:1
end_of_record
SF:C:\Users\marco\source\repos\Signature\Signature.API.Infra.Data\Repositories\BaseRepository.cs
FN:32,System.Void Signature.API.Infra.Data.Repositories.BaseRepository`1::Remove(T)
FNDA:0,System.Void Signature.API.Infra.Data.Repositories.BaseRepository`1::Remove(T)
DA:33,0
DA:34,0
DA:35,0
DA:36,0
FN:38,System.Void Signature.API.Infra.Data.Repositories.BaseRepository`1::Update(T)
FNDA:0,System.Void Signature.API.Infra.Data.Repositories.BaseRepository`1::Update(T)
DA:39,0
DA:40,0
DA:41,0
DA:42,0
FN:13,System.Void Signature.API.Infra.Data.Repositories.BaseRepository`1::.ctor(Signature.API.Infra.Data.Context.AppDbContext)
FNDA:11,System.Void Signature.API.Infra.Data.Repositories.BaseRepository`1::.ctor(Signature.API.Infra.Data.Context.AppDbContext)
DA:14,11
DA:15,11
DA:16,11
DA:17,11
DA:18,11
FN:20,System.Void Signature.API.Infra.Data.Repositories.BaseRepository`1/<AddAsync>d__3::MoveNext()
FNDA:8,System.Void Signature.API.Infra.Data.Repositories.BaseRepository`1/<AddAsync>d__3::MoveNext()
DA:21,8
DA:22,8
DA:23,8
DA:24,8
FN:26,System.Void Signature.API.Infra.Data.Repositories.BaseRepository`1/<GetAllAsync>d__4::MoveNext()
FNDA:2,System.Void Signature.API.Infra.Data.Repositories.BaseRepository`1/<GetAllAsync>d__4::MoveNext()
DA:27,2
FN:29,System.Void Signature.API.Infra.Data.Repositories.BaseRepository`1/<GetByIdAsync>d__5::MoveNext()
FNDA:1,System.Void Signature.API.Infra.Data.Repositories.BaseRepository`1/<GetByIdAsync>d__5::MoveNext()
DA:30,1
LF:19
LH:11
BRF:0
BRH:0
FNF:6
FNH:4
end_of_record
SF:C:\Users\marco\source\repos\Signature\Signature.API.Infra.Data\Repositories\SubscriptionPlanRepository.cs
FN:9,System.Void Signature.API.Infra.Data.Repositories.SubscriptionPlanRepository::.ctor(Signature.API.Infra.Data.Context.AppDbContext)
FNDA:8,System.Void Signature.API.Infra.Data.Repositories.SubscriptionPlanRepository::.ctor(Signature.API.Infra.Data.Context.AppDbContext)
DA:10,8
DA:11,8
DA:12,8
LF:3
LH:3
BRF:0
BRH:0
FNF:1
FNH:1
end_of_record
SF:C:\Users\marco\source\repos\Signature\Signature.API.Infra.Data\Repositories\UserRepository.cs
FN:10,System.Void Signature.API.Infra.Data.Repositories.UserRepository::.ctor(Signature.API.Infra.Data.Context.AppDbContext)
FNDA:3,System.Void Signature.API.Infra.Data.Repositories.UserRepository::.ctor(Signature.API.Infra.Data.Context.AppDbContext)
DA:11,3
DA:12,3
DA:13,3
FN:15,System.Void Signature.API.Infra.Data.Repositories.UserRepository/<GetByEmailAsync>d__1::MoveNext()
FNDA:2,System.Void Signature.API.Infra.Data.Repositories.UserRepository/<GetByEmailAsync>d__1::MoveNext()
DA:16,2
DA:17,2
LF:5
LH:5
BRF:0
BRH:0
FNF:2
FNH:2
end_of_record
SF:C:\Users\marco\source\repos\Signature\Signature.API.Infra.Data\Repositories\UserSubscriptionRepository.cs
FN:10,System.Void Signature.API.Infra.Data.Repositories.UserSubscriptionRepository::.ctor(Signature.API.Infra.Data.Context.AppDbContext)
FNDA:0,System.Void Signature.API.Infra.Data.Repositories.UserSubscriptionRepository::.ctor(Signature.API.Infra.Data.Context.AppDbContext)
DA:11,0
DA:12,0
DA:13,0
FN:15,System.Void Signature.API.Infra.Data.Repositories.UserSubscriptionRepository/<GetByUserIdAsync>d__1::MoveNext()
FNDA:0,System.Void Signature.API.Infra.Data.Repositories.UserSubscriptionRepository/<GetByUserIdAsync>d__1::MoveNext()
DA:16,0
DA:17,0
DA:18,0
LF:6
LH:0
BRF:0
BRH:0
FNF:2
FNH:0
end_of_record
SF:C:\Users\marco\source\repos\Signature\Signature.API.Infra.Data\Migrations\20250429_Initial.cs
FN:8,System.Void Signature.API.Infra.Data.Migrations.InitialMigration::Up()
FNDA:0,System.Void Signature.API.Infra.Data.Migrations.InitialMigration::Up()
DA:9,0
DA:10,0
DA:11,0
DA:12,0
DA:13,0
DA:15,0
DA:16,0
DA:17,0
DA:18,0
DA:20,0
DA:21,0
DA:22,0
DA:23,0
DA:24,0
DA:26,0
DA:27,0
DA:28,0
DA:30,0
DA:31,0
DA:32,0
DA:33,0
FN:35,System.Void Signature.API.Infra.Data.Migrations.InitialMigration::Down()
FNDA:0,System.Void Signature.API.Infra.Data.Migrations.InitialMigration::Down()
DA:36,0
DA:37,0
DA:38,0
DA:39,0
DA:40,0
LF:26
LH:0
BRF:0
BRH:0
FNF:2
FNH:0
end_of_record
SF:C:\Users\marco\source\repos\Signature\Signature.API.Infra.Data\Context\AppDbContext.cs
FN:12,Microsoft.EntityFrameworkCore.DbSet`1<Signature.API.Domain.Entities.User> Signature.API.Infra.Data.Context.AppDbContext::get_Users()
FNDA:28,Microsoft.EntityFrameworkCore.DbSet`1<Signature.API.Domain.Entities.User> Signature.API.Infra.Data.Context.AppDbContext::get_Users()
DA:13,28
FN:13,Microsoft.EntityFrameworkCore.DbSet`1<Signature.API.Domain.Entities.SubscriptionPlan> Signature.API.Infra.Data.Context.AppDbContext::get_SubscriptionPlans()
FNDA:28,Microsoft.EntityFrameworkCore.DbSet`1<Signature.API.Domain.Entities.SubscriptionPlan> Signature.API.Infra.Data.Context.AppDbContext::get_SubscriptionPlans()
DA:14,28
FN:14,Microsoft.EntityFrameworkCore.DbSet`1<Signature.API.Domain.Entities.UserSubscription> Signature.API.Infra.Data.Context.AppDbContext::get_UserSubscriptions()
FNDA:26,Microsoft.EntityFrameworkCore.DbSet`1<Signature.API.Domain.Entities.UserSubscription> Signature.API.Infra.Data.Context.AppDbContext::get_UserSubscriptions()
DA:15,26
FN:17,System.Void Signature.API.Infra.Data.Context.AppDbContext::OnModelCreating(Microsoft.EntityFrameworkCore.ModelBuilder)
FNDA:1,System.Void Signature.API.Infra.Data.Context.AppDbContext::OnModelCreating(Microsoft.EntityFrameworkCore.ModelBuilder)
DA:18,1
DA:19,1
DA:20,1
DA:21,1
DA:23,1
DA:24,1
DA:25,1
DA:26,1
DA:27,1
DA:29,1
DA:30,1
DA:31,1
DA:32,1
DA:33,1
DA:34,1
FN:8,System.Void Signature.API.Infra.Data.Context.AppDbContext::.ctor(Microsoft.EntityFrameworkCore.DbContextOptions`1<Signature.API.Infra.Data.Context.AppDbContext>)
FNDA:13,System.Void Signature.API.Infra.Data.Context.AppDbContext::.ctor(Microsoft.EntityFrameworkCore.DbContextOptions`1<Signature.API.Infra.Data.Context.AppDbContext>)
DA:9,13
DA:10,13
DA:11,13
LF:21
LH:21
BRF:0
BRH:0
FNF:5
FNH:5
end_of_record
SF:C:\Users\marco\source\repos\Signature\Signature.API.Infra.Ioc\DependencyInjection.cs
FN:20,Microsoft.Extensions.DependencyInjection.IServiceCollection Signature.API.Infra.Ioc.DependencyInjection::AddInfrastructure(Microsoft.Extensions.DependencyInjection.IServiceCollection,Microsoft.Extensions.Configuration.IConfiguration)
FNDA:3,Microsoft.Extensions.DependencyInjection.IServiceCollection Signature.API.Infra.Ioc.DependencyInjection::AddInfrastructure(Microsoft.Extensions.DependencyInjection.IServiceCollection,Microsoft.Extensions.Configuration.IConfiguration)
DA:21,3
DA:25,3
DA:26,3
DA:27,3
DA:28,3
DA:29,3
DA:30,3
DA:31,3
DA:32,3
DA:33,3
DA:34,3
DA:35,6
DA:36,6
DA:37,6
DA:39,3
DA:40,3
DA:41,3
DA:42,3
DA:43,3
DA:44,6
DA:46,3
DA:47,3
DA:48,3
DA:50,3
DA:51,3
DA:52,3
DA:54,3
DA:55,3
BRDA:27,9,0,3
BRDA:27,9,1,3
BRDA:29,30,0,3
BRDA:29,30,1,3
LF:28
LH:28
BRF:4
BRH:4
FNF:1
FNH:1
end_of_record